<?xml version="1.0" encoding="UTF-8"?>
<testsuite name="choco.test.ChocoSolveTest" tests="2" skipped="0" failures="0" errors="0" timestamp="2017-06-22T22:19:12" hostname="icaro" time="0.008">
  <properties/>
  <testcase name="testArithmetic" classname="choco.test.ChocoSolveTest" time="0.006"/>
  <testcase name="testArithmetic2" classname="choco.test.ChocoSolveTest" time="0.002"/>
  <system-out><![CDATA[X : 3 - > 5
Y : 2 - > 4
Z : 1 - > 3
X : 4 - > 5
Y : 3 - > 4
Z : 2 - > 2
X : 4 - > 4
Y : 3 - > 3
Z : 2 - > 2
X : 1 - > 5
Y : 2 - > 5
Z : 1 - > 4
]]></system-out>
  <system-err><![CDATA[]]></system-err>
</testsuite>
