<?xml version="1.0" encoding="UTF-8"?>
<testsuite name="choco.test.util.BitSetTest" tests="4" skipped="0" failures="0" errors="0" timestamp="2017-06-22T22:19:12" hostname="icaro" time="0.004">
  <properties/>
  <testcase name="test1" classname="choco.test.util.BitSetTest" time="0.001"/>
  <testcase name="test2" classname="choco.test.util.BitSetTest" time="0.0"/>
  <testcase name="test3" classname="choco.test.util.BitSetTest" time="0.001"/>
  <testcase name="test4" classname="choco.test.util.BitSetTest" time="0.0"/>
  <system-out><![CDATA[]]></system-out>
  <system-err><![CDATA[]]></system-err>
</testsuite>
