<?xml version="1.0" encoding="UTF-8"?>
<testsuite name="choco.test.integer.IntervalIntDomainTest" tests="2" skipped="0" failures="0" errors="0" timestamp="2017-06-22T22:19:12" hostname="icaro" time="0.007">
  <properties/>
  <testcase name="test1" classname="choco.test.integer.IntervalIntDomainTest" time="0.004"/>
  <testcase name="test2" classname="choco.test.integer.IntervalIntDomainTest" time="0.003"/>
  <system-out><![CDATA[]]></system-out>
  <system-err><![CDATA[]]></system-err>
</testsuite>
