<?xml version="1.0" encoding="UTF-8"?>
<testsuite name="choco.test.integer.EqualXYCTest" tests="1" skipped="0" failures="0" errors="0" timestamp="2017-06-22T22:19:12" hostname="icaro" time="0.003">
  <properties/>
  <testcase name="test1" classname="choco.test.integer.EqualXYCTest" time="0.003"/>
  <system-out><![CDATA[]]></system-out>
  <system-err><![CDATA[]]></system-err>
</testsuite>
